<?xml version="1.0" encoding="UTF-8"?>
<testsuites name="TS_TNR_R.TSPT_Suppo90" time="55.27" tests="1" failures="0" errors="0">
   <testsuite name="TS_TNR_R.TSPT_Suppo90" tests="1" failures="0" errors="0" time="55.27" skipped="0" timestamp="2023-12-04 18:01:37" hostname="hhizaoui - FRLFK0635000045.corp.capgemini.com" id="Test Suites/TS_TNR_R.TSPT_Suppo90">
      <properties>
         <property name="deviceName" value=""/>
         <property name="devicePlatform" value=""/>
         <property name="logFolder" value="C:\\Users\\hhizaoui\\.git\\NewProject29092023\\Nouveau dossier1\\22_11\\ANEF-AutomatizationProject\\Reports\\20231204_180130\\TS_TNR_R.TSPT_Suppo90\\20231204_180130"/>
         <property name="logFiles" value="C:\\Users\\hhizaoui\\.git\\NewProject29092023\\Nouveau dossier1\\22_11\\ANEF-AutomatizationProject\\Reports\\20231204_180130\\TS_TNR_R.TSPT_Suppo90\\20231204_180130\\execution0.log"/>
         <property name="attachments" value=""/>
         <property name="hostName" value="hhizaoui - FRLFK0635000045.corp.capgemini.com"/>
         <property name="os" value="Windows 10 64bit"/>
         <property name="katalonVersion" value="8.6.6.208"/>
         <property name="browser" value="Chrome 119.0.0.0"/>
         <property name="hostAddress" value="192.168.0.14"/>
         <property name="sessionId" value="7dfb7db7b8d205acad762e605862b6d5"/>
         <property name="seleniumVersion" value="3.141.59"/>
         <property name="proxyInformation" value="ProxyInformation { proxyOption=USE_SYSTEM, proxyServerType=HTTP, username=, password=********, proxyServerAddress=127.0.0.1, proxyServerPort=8082, executionList=&quot;&quot;, isApplyToDesiredCapabilities=true }"/>
         <property name="platform" value="Windows 10"/>
      </properties>
      <testcase name="Test Cases/Cas D Utilisations/Usager Etudiant/TNR R.TSPT Supp90-Etudiant" time="54.469" classname="Test Cases/Cas D Utilisations/Usager Etudiant/TNR R.TSPT Supp90-Etudiant" status="INCOMPLETE">
         <system-out><![CDATA[2023-12-04 18:01:38 - [TEST_CASE][INCOMPLETE] - Test Cases/Cas D Utilisations/Usager Etudiant/TNR R.TSPT Supp90-Etudiant: null

2023-12-04 18:01:40 - [TEST_STEP][PASSED] - com.kazurayam.ksbackyard.HighlightElement.pandemic(): com.kazurayam.ksbackyard.HighlightElement.pandemic is PASSED

2023-12-04 18:01:40 - [MESSAGE][PASSED] - com.kazurayam.ksbackyard.HighlightElement.pandemic is PASSED

2023-12-04 18:01:40 - [TEST_STEP][PASSED] - callTestCase(findTestCase("Test Reutilisable/Main/Lancer URL ANEF"), ["Profiles":"Usager", "EnvExec":EnvExec], STOP_ON_FAILURE): Call Test Case 'Test Cases/Test Reutilisable/Main/Lancer URL ANEF' successfully

2023-12-04 18:01:41 - [MESSAGE][INFO] - Checking called Test Case

2023-12-04 18:01:41 - [MESSAGE][INFO] - Starting to call Test Case 'Test Cases/Test Reutilisable/Main/Lancer URL ANEF'

2023-12-04 18:01:41 - [TEST_CASE][PASSED] - Test Cases/Test Reutilisable/Main/Lancer URL ANEF: Test Cases/Test Reutilisable/Main/Lancer URL ANEF

2023-12-04 18:01:47 - [TEST_STEP][PASSED] - "RunConfiguration: getProjectDir for LogDriver ": null

2023-12-04 18:01:47 - [TEST_STEP][PASSED] - RunBrowserConfiguration = getExecutionProperties(): null

2023-12-04 18:01:47 - [TEST_STEP][PASSED] - DriverName = "": null

2023-12-04 18:01:47 - [TEST_STEP][PASSED] - openBrowser(""): Browser is opened with url: ''

2023-12-04 18:01:47 - [MESSAGE][INFO] - Opening browser

2023-12-04 18:01:47 - [MESSAGE][INFO] - Starting 'Chrome' driver

2023-12-04 18:01:47 - [MESSAGE][INFO] - User set preference: ['args', '[--incognito, --start-maximized, --remote-allow-origins=*]']

2023-12-04 18:01:47 - [MESSAGE][INFO] - User set preference: ['prefs', '{download.default_directory=${GlobalVariable.downloadPath}, download_dir=${GlobalVariable.downloadPath}, download.prompt_for_download=false}']

2023-12-04 18:01:47 - [MESSAGE][INFO] - User set preference: ['loggingPrefs', '{browser=ALL}']

2023-12-04 18:01:47 - [MESSAGE][INFO] - Action delay is set to 2Â 000 milliseconds

2023-12-04 18:01:52 - [MESSAGE][PASSED] - Browser is opened with url: ''

2023-12-04 18:01:52 - [TEST_STEP][PASSED] - driver = getWebDriver(): null

2023-12-04 18:01:52 - [TEST_STEP][PASSED] - wrappedDriver = driver.getWrappedDriver(): null

2023-12-04 18:01:52 - [TEST_STEP][PASSED] - out.println(wrappedDriver.getClass()): null

2023-12-04 18:01:52 - [TEST_STEP][PASSED] - if (class == com.kms.katalon.selenium.driver.CRemoteWebDriver): null

2023-12-04 18:01:52 - [TEST_STEP][PASSED] - else: null

2023-12-04 18:01:52 - [TEST_STEP][PASSED] - DriverName = get("WebUI").get("browserType"): null

2023-12-04 18:01:52 - [TEST_STEP][PASSED] - println("DriverName :" + DriverName): null

2023-12-04 18:01:52 - [TEST_STEP][PASSED] - println("Driverpath :" + RunBrowserConfiguration.get("drivers")): null

2023-12-04 18:01:52 - [TEST_STEP][PASSED] - DriverName = DriverName: null

2023-12-04 18:01:54 - [TEST_STEP][PASSED] - delay(medium_wait): Delayed 3 second(s)

2023-12-04 18:01:54 - [MESSAGE][INFO] - Delaying browser in 3 second(s)

2023-12-04 18:01:57 - [MESSAGE][PASSED] - Delayed 3 second(s)

2023-12-04 18:01:57 - [TEST_STEP][PASSED] - executedBrowser = getExecutedBrowser(): null

2023-12-04 18:01:57 - [TEST_STEP][PASSED] - if (Profiles == "Usager"): null

2023-12-04 18:01:57 - [TEST_STEP][PASSED] - switch (DriverName): null

2023-12-04 18:01:57 - [TEST_STEP][PASSED] - case "CHROME_DRIVER":: null

2023-12-04 18:01:57 - [TEST_STEP][PASSED] - if (EnvExec == "URL_ANEFQualif"): Navigate to 'https://qualif.administration-etrangers-en-france.interieur.gouv.fr/particuliers/#/' successfully

2023-12-04 18:01:57 - [TEST_STEP][PASSED] - navigateToUrl(URL_ANEFQualif): Navigate to 'https://qualif.administration-etrangers-en-france.interieur.gouv.fr/particuliers/#/' successfully

2023-12-04 18:01:57 - [MESSAGE][INFO] - Checking url

2023-12-04 18:01:57 - [MESSAGE][INFO] - Navigating to 'https://qualif.administration-etrangers-en-france.interieur.gouv.fr/particuliers/#/'

2023-12-04 18:01:59 - [MESSAGE][PASSED] - Navigate to 'https://qualif.administration-etrangers-en-france.interieur.gouv.fr/particuliers/#/' successfully

2023-12-04 18:01:59 - [TEST_STEP][PASSED] - if (EnvExec == "URL_ANEFPreProd"): null

2023-12-04 18:01:59 - [TEST_STEP][PASSED] - maximizeWindow(): Current window maximized

2023-12-04 18:01:59 - [MESSAGE][INFO] - Maximizing current window

2023-12-04 18:01:59 - [MESSAGE][PASSED] - Current window maximized

2023-12-04 18:01:59 - [TEST_STEP][PASSED] - System.setProperty("webdriver.chrome.driver", getChromeDriverPath()): null

2023-12-04 18:01:59 - [TEST_STEP][PASSED] - System.setProperty("webdriver.chrome.logfile", getProjectDir() + "/Dump/chromedriver.log"): null

2023-12-04 18:01:59 - [TEST_STEP][PASSED] - callTestCase(findTestCase("Test Reutilisable/Main/Erreur lie a la confidentialite"), [:], STOP_ON_FAILURE): Call Test Case 'Test Cases/Test Reutilisable/Main/Erreur lie a la confidentialite' successfully

2023-12-04 18:01:59 - [MESSAGE][INFO] - Checking called Test Case

2023-12-04 18:01:59 - [MESSAGE][INFO] - Starting to call Test Case 'Test Cases/Test Reutilisable/Main/Erreur lie a la confidentialite'

2023-12-04 18:02:00 - [TEST_CASE][PASSED] - Test Cases/Test Reutilisable/Main/Erreur lie a la confidentialite: Test Cases/Test Reutilisable/Main/Erreur lie a la confidentialite

2023-12-04 18:02:01 - [TEST_STEP][PASSED] - tools.WaitForLoadedPage.waitForElementRendering(): tools.WaitForLoadedPage.waitForElementRendering is PASSED

2023-12-04 18:02:01 - [MESSAGE][PASSED] - tools.WaitForLoadedPage.waitForElementRendering is PASSED

2023-12-04 18:02:01 - [TEST_STEP][PASSED] - "Call Highlight.on() automatically": null

2023-12-04 18:02:01 - [TEST_STEP][PASSED] - DriverName = DriverName: null

2023-12-04 18:02:01 - [TEST_STEP][PASSED] - if (DriverName == "CHROME_DRIVER" || "EDGE_CHROMIUM_DRIVER" || "HEADLESS_DRIVER"): null

2023-12-04 18:02:01 - [TEST_STEP][PASSED] - if (verifyElementPresent(findTestObject("Object Repository/Connexion Usager/Btn_Parametres Avances"), 2, OPTIONAL)): null

2023-12-04 18:02:01 - [MESSAGE][INFO] - Finding Test Object 'Object Repository/Connexion Usager/Btn_Parametres Avances'

2023-12-04 18:02:01 - [MESSAGE][INFO] - Checking object

2023-12-04 18:02:01 - [MESSAGE][INFO] - Finding web element from Test Object's properties

2023-12-04 18:02:01 - [MESSAGE][INFO] - Checking timeout

2023-12-04 18:02:01 - [MESSAGE][INFO] - Finding web element with id: 'Object Repository/Connexion Usager/Btn_Parametres Avances' located by 'By.xpath: //*[@id="details-button"]' in '2' second(s)

2023-12-04 18:02:01 - [MESSAGE][INFO] - Smart Wait Function is triggered

2023-12-04 18:02:01 - [MESSAGE][INFO] - Found 1 web elements with id: 'Object Repository/Connexion Usager/Btn_Parametres Avances' located by 'By.xpath: //*[@id="details-button"]' in '2' second(s)

2023-12-04 18:02:01 - [MESSAGE][PASSED] - Object 'Object Repository/Connexion Usager/Btn_Parametres Avances' is present

2023-12-04 18:02:01 - [TEST_STEP][PASSED] - click(findTestObject("Object Repository/Connexion Usager/Btn_Parametres Avances"), OPTIONAL): Object: 'Object Repository/Connexion Usager/Btn_Parametres Avances' is clicked on

2023-12-04 18:02:01 - [MESSAGE][INFO] - Finding Test Object 'Object Repository/Connexion Usager/Btn_Parametres Avances'

2023-12-04 18:02:01 - [MESSAGE][INFO] - Checking timeout

2023-12-04 18:02:01 - [MESSAGE][INFO] - Finding web element with id: 'Object Repository/Connexion Usager/Btn_Parametres Avances' located by 'By.xpath: //*[@id="details-button"]' in '20' second(s)

2023-12-04 18:02:01 - [MESSAGE][INFO] - Smart Wait Function is triggered

2023-12-04 18:02:01 - [MESSAGE][INFO] - Found 1 web elements with id: 'Object Repository/Connexion Usager/Btn_Parametres Avances' located by 'By.xpath: //*[@id="details-button"]' in '20' second(s)

2023-12-04 18:02:01 - [MESSAGE][INFO] - Checking object

2023-12-04 18:02:01 - [MESSAGE][INFO] - Checking timeout

2023-12-04 18:02:01 - [MESSAGE][INFO] - Finding web element from Test Object's properties

2023-12-04 18:02:01 - [MESSAGE][INFO] - Checking timeout

2023-12-04 18:02:01 - [MESSAGE][INFO] - Finding web element with id: 'Object Repository/Connexion Usager/Btn_Parametres Avances' located by 'By.xpath: //*[@id="details-button"]' in '5' second(s)

2023-12-04 18:02:01 - [MESSAGE][INFO] - Smart Wait Function is triggered

2023-12-04 18:02:01 - [MESSAGE][INFO] - Found 1 web elements with id: 'Object Repository/Connexion Usager/Btn_Parametres Avances' located by 'By.xpath: //*[@id="details-button"]' in '5' second(s)

2023-12-04 18:02:01 - [MESSAGE][INFO] - Clicking on object: 'Object Repository/Connexion Usager/Btn_Parametres Avances'

2023-12-04 18:02:03 - [MESSAGE][PASSED] - Object: 'Object Repository/Connexion Usager/Btn_Parametres Avances' is clicked on

2023-12-04 18:02:03 - [TEST_STEP][PASSED] - click(findTestObject("Object Repository/Connexion Usager/Link_Proceed-Link"), OPTIONAL): Object: 'Object Repository/Connexion Usager/Link_Proceed-Link' is clicked on

2023-12-04 18:02:03 - [MESSAGE][INFO] - Finding Test Object 'Object Repository/Connexion Usager/Link_Proceed-Link'

2023-12-04 18:02:04 - [MESSAGE][INFO] - Checking timeout

2023-12-04 18:02:04 - [MESSAGE][INFO] - Finding web element with id: 'Object Repository/Connexion Usager/Link_Proceed-Link' located by 'By.xpath: //*[@id="proceed-link"]' in '20' second(s)

2023-12-04 18:02:04 - [MESSAGE][INFO] - Smart Wait Function is triggered

2023-12-04 18:02:04 - [MESSAGE][INFO] - Found 1 web elements with id: 'Object Repository/Connexion Usager/Link_Proceed-Link' located by 'By.xpath: //*[@id="proceed-link"]' in '20' second(s)

2023-12-04 18:02:04 - [MESSAGE][INFO] - Checking object

2023-12-04 18:02:04 - [MESSAGE][INFO] - Checking timeout

2023-12-04 18:02:04 - [MESSAGE][INFO] - Finding web element from Test Object's properties

2023-12-04 18:02:04 - [MESSAGE][INFO] - Checking timeout

2023-12-04 18:02:04 - [MESSAGE][INFO] - Finding web element with id: 'Object Repository/Connexion Usager/Link_Proceed-Link' located by 'By.xpath: //*[@id="proceed-link"]' in '5' second(s)

2023-12-04 18:02:04 - [MESSAGE][INFO] - Smart Wait Function is triggered

2023-12-04 18:02:04 - [MESSAGE][INFO] - Found 1 web elements with id: 'Object Repository/Connexion Usager/Link_Proceed-Link' located by 'By.xpath: //*[@id="proceed-link"]' in '5' second(s)

2023-12-04 18:02:04 - [MESSAGE][INFO] - Clicking on object: 'Object Repository/Connexion Usager/Link_Proceed-Link'

2023-12-04 18:02:06 - [MESSAGE][PASSED] - Object: 'Object Repository/Connexion Usager/Link_Proceed-Link' is clicked on

2023-12-04 18:02:06 - [TEST_STEP][PASSED] - if (DriverName == "IE_DRIVER"): null

2023-12-04 18:02:06 - [TEST_STEP][PASSED] - delay(3): Delayed 3 second(s)

2023-12-04 18:02:06 - [MESSAGE][INFO] - Delaying browser in 3 second(s)

2023-12-04 18:02:09 - [MESSAGE][PASSED] - Delayed 3 second(s)

2023-12-04 18:02:09 - [MESSAGE][PASSED] - Call Test Case 'Test Cases/Test Reutilisable/Main/Erreur lie a la confidentialite' successfully

2023-12-04 18:02:09 - [TEST_STEP][PASSED] - delay(5): Delayed 5 second(s)

2023-12-04 18:02:09 - [MESSAGE][INFO] - Delaying browser in 5 second(s)

2023-12-04 18:02:14 - [MESSAGE][PASSED] - Delayed 5 second(s)

2023-12-04 18:02:14 - [TEST_STEP][PASSED] - verifyElementVisible(findTestObject("Object Repository/Connexion Usager/Link_Se Connecter"), STOP_ON_FAILURE): Object 'Object Repository/Connexion Usager/Link_Se Connecter' is visible

2023-12-04 18:02:14 - [MESSAGE][INFO] - Finding Test Object 'Object Repository/Connexion Usager/Link_Se Connecter'

2023-12-04 18:02:14 - [MESSAGE][INFO] - Checking object

2023-12-04 18:02:14 - [MESSAGE][INFO] - Finding web element from Test Object's properties

2023-12-04 18:02:14 - [MESSAGE][INFO] - Checking timeout

2023-12-04 18:02:14 - [MESSAGE][INFO] - Finding web element with id: 'Object Repository/Connexion Usager/Link_Se Connecter' located by 'By.xpath: //*[@id="connexion_link"]' in '5' second(s)

2023-12-04 18:02:14 - [MESSAGE][INFO] - Smart Wait Function is triggered

2023-12-04 18:02:15 - [MESSAGE][INFO] - Found 1 web elements with id: 'Object Repository/Connexion Usager/Link_Se Connecter' located by 'By.xpath: //*[@id="connexion_link"]' in '5' second(s)

2023-12-04 18:02:15 - [MESSAGE][PASSED] - Object 'Object Repository/Connexion Usager/Link_Se Connecter' is visible

2023-12-04 18:02:15 - [TEST_STEP][PASSED] - break: null

2023-12-04 18:02:15 - [TEST_STEP][PASSED] - if (Profiles == "Agent"): null

2023-12-04 18:02:15 - [TEST_STEP][PASSED] - else: null

2023-12-04 18:02:15 - [TEST_STEP][PASSED] - println("VÃ©rifier le Portail de votre connexion Usager ou Agent"): null

2023-12-04 18:02:15 - [MESSAGE][PASSED] - Call Test Case 'Test Cases/Test Reutilisable/Main/Lancer URL ANEF' successfully

2023-12-04 18:02:15 - [TEST_STEP][INCOMPLETE] - callTestCase(findTestCase("Test Reutilisable/Main/Creer Votre Compte"), ["NumEtrangerVisa":NumEtrangerVisa, "DateDebut":DateDebut, "DateFin":DateFin, "EnvExec":EnvExec], STOP_ON_FAILURE): null

2023-12-04 18:02:15 - [MESSAGE][INFO] - Checking called Test Case

2023-12-04 18:02:15 - [MESSAGE][INFO] - Starting to call Test Case 'Test Cases/Test Reutilisable/Main/Creer Votre Compte'

2023-12-04 18:02:15 - [TEST_CASE][INCOMPLETE] - Test Cases/Test Reutilisable/Main/Creer Votre Compte: null

2023-12-04 18:02:17 - [TEST_STEP][PASSED] - "waiting for the number of elements in the DOM to stop changing": null

2023-12-04 18:02:17 - [TEST_STEP][PASSED] - com.kazurayam.ksbackyard.HighlightElement.pandemic(): com.kazurayam.ksbackyard.HighlightElement.pandemic is PASSED

2023-12-04 18:02:17 - [MESSAGE][PASSED] - com.kazurayam.ksbackyard.HighlightElement.pandemic is PASSED

2023-12-04 18:02:17 - [TEST_STEP][PASSED] - waitForPageLoad(5): Wait for page load successfully

2023-12-04 18:02:17 - [MESSAGE][INFO] - Checking timeout

2023-12-04 18:02:17 - [MESSAGE][PASSED] - Wait for page load successfully

2023-12-04 18:02:17 - [TEST_STEP][PASSED] - click(findTestObject("Object Repository/Connexion Usager/Link_Se Connecter")): Object: 'Object Repository/Connexion Usager/Link_Se Connecter' is clicked on

2023-12-04 18:02:17 - [MESSAGE][INFO] - Finding Test Object 'Object Repository/Connexion Usager/Link_Se Connecter'

2023-12-04 18:02:17 - [MESSAGE][INFO] - Checking timeout

2023-12-04 18:02:17 - [MESSAGE][INFO] - Finding web element with id: 'Object Repository/Connexion Usager/Link_Se Connecter' located by 'By.xpath: //*[@id="connexion_link"]' in '20' second(s)

2023-12-04 18:02:17 - [MESSAGE][INFO] - Smart Wait Function is triggered

2023-12-04 18:02:17 - [MESSAGE][INFO] - Found 1 web elements with id: 'Object Repository/Connexion Usager/Link_Se Connecter' located by 'By.xpath: //*[@id="connexion_link"]' in '20' second(s)

2023-12-04 18:02:17 - [MESSAGE][INFO] - Checking object

2023-12-04 18:02:17 - [MESSAGE][INFO] - Checking timeout

2023-12-04 18:02:17 - [MESSAGE][INFO] - Finding web element from Test Object's properties

2023-12-04 18:02:17 - [MESSAGE][INFO] - Checking timeout

2023-12-04 18:02:17 - [MESSAGE][INFO] - Finding web element with id: 'Object Repository/Connexion Usager/Link_Se Connecter' located by 'By.xpath: //*[@id="connexion_link"]' in '5' second(s)

2023-12-04 18:02:17 - [MESSAGE][INFO] - Smart Wait Function is triggered

2023-12-04 18:02:17 - [MESSAGE][INFO] - Found 1 web elements with id: 'Object Repository/Connexion Usager/Link_Se Connecter' located by 'By.xpath: //*[@id="connexion_link"]' in '5' second(s)

2023-12-04 18:02:17 - [MESSAGE][INFO] - Clicking on object: 'Object Repository/Connexion Usager/Link_Se Connecter'

2023-12-04 18:02:19 - [MESSAGE][PASSED] - Object: 'Object Repository/Connexion Usager/Link_Se Connecter' is clicked on

2023-12-04 18:02:19 - [TEST_STEP][PASSED] - if (EnvExec == "URL_ANEFQualif"): Call Test Case 'Test Cases/Test Reutilisable/Main/Erreur lie a la confidentialite' successfully

2023-12-04 18:02:19 - [TEST_STEP][PASSED] - callTestCase(findTestCase("Test Reutilisable/Main/Erreur lie a la confidentialite"), [:], STOP_ON_FAILURE): Call Test Case 'Test Cases/Test Reutilisable/Main/Erreur lie a la confidentialite' successfully

2023-12-04 18:02:19 - [MESSAGE][INFO] - Checking called Test Case

2023-12-04 18:02:19 - [MESSAGE][INFO] - Starting to call Test Case 'Test Cases/Test Reutilisable/Main/Erreur lie a la confidentialite'

2023-12-04 18:02:20 - [TEST_CASE][PASSED] - Test Cases/Test Reutilisable/Main/Erreur lie a la confidentialite: Test Cases/Test Reutilisable/Main/Erreur lie a la confidentialite

2023-12-04 18:02:20 - [TEST_STEP][PASSED] - tools.WaitForLoadedPage.waitForElementRendering(): tools.WaitForLoadedPage.waitForElementRendering is PASSED

2023-12-04 18:02:20 - [MESSAGE][PASSED] - tools.WaitForLoadedPage.waitForElementRendering is PASSED

2023-12-04 18:02:20 - [TEST_STEP][PASSED] - "Call Highlight.on() automatically": null

2023-12-04 18:02:20 - [TEST_STEP][PASSED] - DriverName = DriverName: null

2023-12-04 18:02:20 - [TEST_STEP][PASSED] - if (DriverName == "CHROME_DRIVER" || "EDGE_CHROMIUM_DRIVER" || "HEADLESS_DRIVER"): null

2023-12-04 18:02:20 - [TEST_STEP][PASSED] - if (verifyElementPresent(findTestObject("Object Repository/Connexion Usager/Btn_Parametres Avances"), 2, OPTIONAL)): null

2023-12-04 18:02:20 - [MESSAGE][INFO] - Finding Test Object 'Object Repository/Connexion Usager/Btn_Parametres Avances'

2023-12-04 18:02:20 - [MESSAGE][INFO] - Checking object

2023-12-04 18:02:20 - [MESSAGE][INFO] - Finding web element from Test Object's properties

2023-12-04 18:02:20 - [MESSAGE][INFO] - Checking timeout

2023-12-04 18:02:20 - [MESSAGE][INFO] - Finding web element with id: 'Object Repository/Connexion Usager/Btn_Parametres Avances' located by 'By.xpath: //*[@id="details-button"]' in '2' second(s)

2023-12-04 18:02:20 - [MESSAGE][INFO] - Smart Wait Function is triggered

2023-12-04 18:02:20 - [MESSAGE][INFO] - Found 1 web elements with id: 'Object Repository/Connexion Usager/Btn_Parametres Avances' located by 'By.xpath: //*[@id="details-button"]' in '2' second(s)

2023-12-04 18:02:20 - [MESSAGE][PASSED] - Object 'Object Repository/Connexion Usager/Btn_Parametres Avances' is present

2023-12-04 18:02:20 - [TEST_STEP][PASSED] - click(findTestObject("Object Repository/Connexion Usager/Btn_Parametres Avances"), OPTIONAL): Object: 'Object Repository/Connexion Usager/Btn_Parametres Avances' is clicked on

2023-12-04 18:02:20 - [MESSAGE][INFO] - Finding Test Object 'Object Repository/Connexion Usager/Btn_Parametres Avances'

2023-12-04 18:02:20 - [MESSAGE][INFO] - Checking timeout

2023-12-04 18:02:20 - [MESSAGE][INFO] - Finding web element with id: 'Object Repository/Connexion Usager/Btn_Parametres Avances' located by 'By.xpath: //*[@id="details-button"]' in '20' second(s)

2023-12-04 18:02:20 - [MESSAGE][INFO] - Smart Wait Function is triggered

2023-12-04 18:02:20 - [MESSAGE][INFO] - Found 1 web elements with id: 'Object Repository/Connexion Usager/Btn_Parametres Avances' located by 'By.xpath: //*[@id="details-button"]' in '20' second(s)

2023-12-04 18:02:20 - [MESSAGE][INFO] - Checking object

2023-12-04 18:02:20 - [MESSAGE][INFO] - Checking timeout

2023-12-04 18:02:20 - [MESSAGE][INFO] - Finding web element from Test Object's properties

2023-12-04 18:02:20 - [MESSAGE][INFO] - Checking timeout

2023-12-04 18:02:20 - [MESSAGE][INFO] - Finding web element with id: 'Object Repository/Connexion Usager/Btn_Parametres Avances' located by 'By.xpath: //*[@id="details-button"]' in '5' second(s)

2023-12-04 18:02:20 - [MESSAGE][INFO] - Smart Wait Function is triggered

2023-12-04 18:02:20 - [MESSAGE][INFO] - Found 1 web elements with id: 'Object Repository/Connexion Usager/Btn_Parametres Avances' located by 'By.xpath: //*[@id="details-button"]' in '5' second(s)

2023-12-04 18:02:20 - [MESSAGE][INFO] - Clicking on object: 'Object Repository/Connexion Usager/Btn_Parametres Avances'

2023-12-04 18:02:22 - [MESSAGE][PASSED] - Object: 'Object Repository/Connexion Usager/Btn_Parametres Avances' is clicked on

2023-12-04 18:02:22 - [TEST_STEP][PASSED] - click(findTestObject("Object Repository/Connexion Usager/Link_Proceed-Link"), OPTIONAL): Object: 'Object Repository/Connexion Usager/Link_Proceed-Link' is clicked on

2023-12-04 18:02:22 - [MESSAGE][INFO] - Finding Test Object 'Object Repository/Connexion Usager/Link_Proceed-Link'

2023-12-04 18:02:22 - [MESSAGE][INFO] - Checking timeout

2023-12-04 18:02:22 - [MESSAGE][INFO] - Finding web element with id: 'Object Repository/Connexion Usager/Link_Proceed-Link' located by 'By.xpath: //*[@id="proceed-link"]' in '20' second(s)

2023-12-04 18:02:22 - [MESSAGE][INFO] - Smart Wait Function is triggered

2023-12-04 18:02:22 - [MESSAGE][INFO] - Found 1 web elements with id: 'Object Repository/Connexion Usager/Link_Proceed-Link' located by 'By.xpath: //*[@id="proceed-link"]' in '20' second(s)

2023-12-04 18:02:22 - [MESSAGE][INFO] - Checking object

2023-12-04 18:02:22 - [MESSAGE][INFO] - Checking timeout

2023-12-04 18:02:22 - [MESSAGE][INFO] - Finding web element from Test Object's properties

2023-12-04 18:02:22 - [MESSAGE][INFO] - Checking timeout

2023-12-04 18:02:22 - [MESSAGE][INFO] - Finding web element with id: 'Object Repository/Connexion Usager/Link_Proceed-Link' located by 'By.xpath: //*[@id="proceed-link"]' in '5' second(s)

2023-12-04 18:02:22 - [MESSAGE][INFO] - Smart Wait Function is triggered

2023-12-04 18:02:22 - [MESSAGE][INFO] - Found 1 web elements with id: 'Object Repository/Connexion Usager/Link_Proceed-Link' located by 'By.xpath: //*[@id="proceed-link"]' in '5' second(s)

2023-12-04 18:02:22 - [MESSAGE][INFO] - Clicking on object: 'Object Repository/Connexion Usager/Link_Proceed-Link'

2023-12-04 18:02:25 - [MESSAGE][PASSED] - Object: 'Object Repository/Connexion Usager/Link_Proceed-Link' is clicked on

2023-12-04 18:02:25 - [TEST_STEP][PASSED] - if (DriverName == "IE_DRIVER"): null

2023-12-04 18:02:25 - [TEST_STEP][PASSED] - delay(3): Delayed 3 second(s)

2023-12-04 18:02:25 - [MESSAGE][INFO] - Delaying browser in 3 second(s)

2023-12-04 18:02:28 - [MESSAGE][PASSED] - Delayed 3 second(s)

2023-12-04 18:02:28 - [MESSAGE][PASSED] - Call Test Case 'Test Cases/Test Reutilisable/Main/Erreur lie a la confidentialite' successfully

2023-12-04 18:02:28 - [TEST_STEP][INCOMPLETE] - click(findTestObject("Object Repository/Connexion Usager/Link_Creer Votre Compte")): Smart Wait Function is triggered

2023-12-04 18:02:28 - [MESSAGE][INFO] - Finding Test Object 'Object Repository/Connexion Usager/Link_Creer Votre Compte'

2023-12-04 18:02:28 - [MESSAGE][INFO] - Checking timeout

2023-12-04 18:02:28 - [MESSAGE][INFO] - Finding web element with id: 'Object Repository/Connexion Usager/Link_Creer Votre Compte' located by 'By.xpath: /html/body/div/main/div[2]/a' in '20' second(s)

2023-12-04 18:02:28 - [MESSAGE][INFO] - Smart Wait Function is triggered

2023-12-04 18:02:28 - [MESSAGE][INFO] - Smart Wait Function is triggered

2023-12-04 18:02:28 - [MESSAGE][INFO] - Smart Wait Function is triggered

2023-12-04 18:02:28 - [MESSAGE][INFO] - Smart Wait Function is triggered

2023-12-04 18:02:28 - [MESSAGE][INFO] - Smart Wait Function is triggered

2023-12-04 18:02:28 - [MESSAGE][INFO] - Smart Wait Function is triggered

2023-12-04 18:02:28 - [MESSAGE][INFO] - Smart Wait Function is triggered

2023-12-04 18:02:28 - [MESSAGE][INFO] - Smart Wait Function is triggered

2023-12-04 18:02:28 - [MESSAGE][INFO] - Smart Wait Function is triggered

2023-12-04 18:02:28 - [MESSAGE][INFO] - Smart Wait Function is triggered

2023-12-04 18:02:28 - [MESSAGE][INFO] - Smart Wait Function is triggered

2023-12-04 18:02:28 - [MESSAGE][INFO] - Smart Wait Function is triggered

2023-12-04 18:02:28 - [MESSAGE][INFO] - Smart Wait Function is triggered

2023-12-04 18:02:28 - [MESSAGE][INFO] - Smart Wait Function is triggered

2023-12-04 18:02:28 - [MESSAGE][INFO] - Smart Wait Function is triggered

2023-12-04 18:02:28 - [MESSAGE][INFO] - Smart Wait Function is triggered

2023-12-04 18:02:28 - [MESSAGE][INFO] - Smart Wait Function is triggered

2023-12-04 18:02:29 - [MESSAGE][INFO] - Smart Wait Function is triggered

2023-12-04 18:02:29 - [MESSAGE][INFO] - Smart Wait Function is triggered

2023-12-04 18:02:29 - [MESSAGE][INFO] - Smart Wait Function is triggered

2023-12-04 18:02:29 - [MESSAGE][INFO] - Smart Wait Function is triggered

2023-12-04 18:02:29 - [MESSAGE][INFO] - Smart Wait Function is triggered

2023-12-04 18:02:29 - [MESSAGE][INFO] - Smart Wait Function is triggered

2023-12-04 18:02:29 - [MESSAGE][INFO] - Smart Wait Function is triggered

2023-12-04 18:02:29 - [MESSAGE][INFO] - Smart Wait Function is triggered

2023-12-04 18:02:29 - [MESSAGE][INFO] - Smart Wait Function is triggered

2023-12-04 18:02:29 - [MESSAGE][INFO] - Smart Wait Function is triggered

2023-12-04 18:02:29 - [MESSAGE][INFO] - Smart Wait Function is triggered

2023-12-04 18:02:29 - [MESSAGE][INFO] - Smart Wait Function is triggered

2023-12-04 18:02:29 - [MESSAGE][INFO] - Smart Wait Function is triggered

2023-12-04 18:02:29 - [MESSAGE][INFO] - Smart Wait Function is triggered

2023-12-04 18:02:29 - [MESSAGE][INFO] - Smart Wait Function is triggered

2023-12-04 18:02:29 - [MESSAGE][INFO] - Smart Wait Function is triggered

2023-12-04 18:02:29 - [MESSAGE][INFO] - Smart Wait Function is triggered

2023-12-04 18:02:29 - [MESSAGE][INFO] - Smart Wait Function is triggered

2023-12-04 18:02:29 - [MESSAGE][INFO] - Smart Wait Function is triggered

2023-12-04 18:02:29 - [MESSAGE][INFO] - Smart Wait Function is triggered

2023-12-04 18:02:29 - [MESSAGE][INFO] - Smart Wait Function is triggered

2023-12-04 18:02:29 - [MESSAGE][INFO] - Smart Wait Function is triggered

2023-12-04 18:02:30 - [MESSAGE][INFO] - Smart Wait Function is triggered

2023-12-04 18:02:30 - [MESSAGE][INFO] - Smart Wait Function is triggered

2023-12-04 18:02:30 - [MESSAGE][INFO] - Smart Wait Function is triggered

2023-12-04 18:02:30 - [MESSAGE][INFO] - Smart Wait Function is triggered

2023-12-04 18:02:30 - [MESSAGE][INFO] - Smart Wait Function is triggered

2023-12-04 18:02:30 - [MESSAGE][INFO] - Smart Wait Function is triggered

2023-12-04 18:02:30 - [MESSAGE][INFO] - Smart Wait Function is triggered

2023-12-04 18:02:30 - [MESSAGE][INFO] - Smart Wait Function is triggered

2023-12-04 18:02:30 - [MESSAGE][INFO] - Smart Wait Function is triggered

2023-12-04 18:02:30 - [MESSAGE][INFO] - Smart Wait Function is triggered

2023-12-04 18:02:30 - [MESSAGE][INFO] - Smart Wait Function is triggered

2023-12-04 18:02:30 - [MESSAGE][INFO] - Smart Wait Function is triggered

2023-12-04 18:02:30 - [MESSAGE][INFO] - Smart Wait Function is triggered

2023-12-04 18:02:30 - [MESSAGE][INFO] - Smart Wait Function is triggered

2023-12-04 18:02:30 - [MESSAGE][INFO] - Smart Wait Function is triggered

2023-12-04 18:02:30 - [MESSAGE][INFO] - Smart Wait Function is triggered

2023-12-04 18:02:30 - [MESSAGE][INFO] - Smart Wait Function is triggered

2023-12-04 18:02:30 - [MESSAGE][INFO] - Smart Wait Function is triggered

2023-12-04 18:02:30 - [MESSAGE][INFO] - Smart Wait Function is triggered

2023-12-04 18:02:30 - [MESSAGE][INFO] - Smart Wait Function is triggered

2023-12-04 18:02:30 - [MESSAGE][INFO] - Smart Wait Function is triggered

2023-12-04 18:02:31 - [MESSAGE][INFO] - Smart Wait Function is triggered

2023-12-04 18:02:31 - [MESSAGE][INFO] - Smart Wait Function is triggered

2023-12-04 18:02:31 - [MESSAGE][INFO] - Smart Wait Function is triggered

2023-12-04 18:02:31 - [MESSAGE][INFO] - Smart Wait Function is triggered

2023-12-04 18:02:31 - [MESSAGE][INFO] - Smart Wait Function is triggered

2023-12-04 18:02:31 - [MESSAGE][INFO] - Smart Wait Function is triggered

2023-12-04 18:02:31 - [MESSAGE][INFO] - Smart Wait Function is triggered

2023-12-04 18:02:31 - [MESSAGE][INFO] - Smart Wait Function is triggered

2023-12-04 18:02:31 - [MESSAGE][INFO] - Smart Wait Function is triggered

2023-12-04 18:02:31 - [MESSAGE][INFO] - Smart Wait Function is triggered

2023-12-04 18:02:31 - [MESSAGE][INFO] - Smart Wait Function is triggered

2023-12-04 18:02:31 - [MESSAGE][INFO] - Smart Wait Function is triggered

2023-12-04 18:02:31 - [MESSAGE][INFO] - Smart Wait Function is triggered

2023-12-04 18:02:31 - [MESSAGE][INFO] - Smart Wait Function is triggered

2023-12-04 18:02:31 - [MESSAGE][INFO] - Smart Wait Function is triggered

2023-12-04 18:02:31 - [MESSAGE][INFO] - Smart Wait Function is triggered

2023-12-04 18:02:31 - [MESSAGE][INFO] - Smart Wait Function is triggered

2023-12-04 18:02:31 - [MESSAGE][INFO] - Smart Wait Function is triggered

2023-12-04 18:02:31 - [MESSAGE][INFO] - Smart Wait Function is triggered

2023-12-04 18:02:31 - [MESSAGE][INFO] - Smart Wait Function is triggered

2023-12-04 18:02:31 - [MESSAGE][INFO] - Smart Wait Function is triggered

2023-12-04 18:02:31 - [MESSAGE][INFO] - Smart Wait Function is triggered

2023-12-04 18:02:31 - [MESSAGE][INFO] - Smart Wait Function is triggered

2023-12-04 18:02:31 - [MESSAGE][INFO] - Smart Wait Function is triggered

2023-12-04 18:02:32 - [MESSAGE][INFO] - Smart Wait Function is triggered

2023-12-04 18:02:32 - [MESSAGE][INFO] - Smart Wait Function is triggered

2023-12-04 18:02:32 - [MESSAGE][INFO] - Smart Wait Function is triggered

2023-12-04 18:02:32 - [MESSAGE][INFO] - Smart Wait Function is triggered

2023-12-04 18:02:32 - [MESSAGE][INFO] - Smart Wait Function is triggered

2023-12-04 18:02:32 - [MESSAGE][INFO] - Smart Wait Function is triggered

2023-12-04 18:02:32 - [MESSAGE][INFO] - Smart Wait Function is triggered

2023-12-04 18:02:32 - [MESSAGE][INFO] - Smart Wait Function is triggered

2023-12-04 18:02:32 - [MESSAGE][INFO] - Smart Wait Function is triggered

2023-12-04 18:02:32 - [MESSAGE][INFO] - Smart Wait Function is triggered

2023-12-04 18:02:32 - [MESSAGE][INFO] - Smart Wait Function is triggered

2023-12-04 18:02:32 - [MESSAGE][INFO] - Smart Wait Function is triggered

2023-12-04 18:02:32 - [MESSAGE][INFO] - Smart Wait Function is triggered

2023-12-04 18:02:32 - [MESSAGE][INFO] - Smart Wait Function is triggered

2023-12-04 18:02:32 - [MESSAGE][INFO] - Smart Wait Function is triggered

2023-12-04 18:02:32 - [MESSAGE][INFO] - Smart Wait Function is triggered

2023-12-04 18:02:32 - [MESSAGE][INFO] - Smart Wait Function is triggered

2023-12-04 18:02:32 - [MESSAGE][INFO] - Smart Wait Function is triggered

2023-12-04 18:02:32 - [MESSAGE][INFO] - Smart Wait Function is triggered

2023-12-04 18:02:32 - [MESSAGE][INFO] - Smart Wait Function is triggered

2023-12-04 18:02:32 - [MESSAGE][INFO] - Smart Wait Function is triggered

2023-12-04 18:02:32 - [MESSAGE][INFO] - Smart Wait Function is triggered

2023-12-04 18:02:32 - [MESSAGE][INFO] - Smart Wait Function is triggered

2023-12-04 18:02:32 - [MESSAGE][INFO] - Smart Wait Function is triggered

2023-12-04 18:02:33 - [MESSAGE][INFO] - Smart Wait Function is triggered

2023-12-04 18:02:33 - [MESSAGE][INFO] - Smart Wait Function is triggered

2023-12-04 18:02:33 - [MESSAGE][INFO] - Smart Wait Function is triggered]]></system-out>
         <system-err><![CDATA[2023-12-04 18:01:38 - [TEST_CASE][INCOMPLETE] - Test Cases/Cas D Utilisations/Usager Etudiant/TNR R.TSPT Supp90-Etudiant: null]]></system-err>
      </testcase>
      <system-out><![CDATA[2023-12-04 18:01:37 - [TEST_SUITE][INCOMPLETE] - TS_TNR_R.TSPT_Suppo90: null]]></system-out>
      <system-err><![CDATA[2023-12-04 18:01:37 - [TEST_SUITE][INCOMPLETE] - TS_TNR_R.TSPT_Suppo90: null]]></system-err>
   </testsuite>
</testsuites>
