<?xml version="1.0" encoding="UTF-8"?>
<testsuites name="TS_TNR_R.TSPT_Suppo90" time="101.203" tests="1" failures="0" errors="0">
   <testsuite name="TS_TNR_R.TSPT_Suppo90" tests="1" failures="0" errors="0" time="101.203" skipped="0" timestamp="2023-12-04 17:32:18" hostname="hhizaoui - FRLFK0635000045.corp.capgemini.com" id="Test Suites/TS_TNR_R.TSPT_Suppo90">
      <properties>
         <property name="deviceName" value=""/>
         <property name="devicePlatform" value=""/>
         <property name="logFolder" value="C:\\Users\\hhizaoui\\.git\\NewProject29092023\\Nouveau dossier1\\22_11\\ANEF-AutomatizationProject\\Reports\\20231204_173213\\TS_TNR_R.TSPT_Suppo90\\20231204_173213"/>
         <property name="logFiles" value="C:\\Users\\hhizaoui\\.git\\NewProject29092023\\Nouveau dossier1\\22_11\\ANEF-AutomatizationProject\\Reports\\20231204_173213\\TS_TNR_R.TSPT_Suppo90\\20231204_173213\\execution0.log"/>
         <property name="attachments" value=""/>
         <property name="hostName" value="hhizaoui - FRLFK0635000045.corp.capgemini.com"/>
         <property name="os" value="Windows 10 64bit"/>
         <property name="katalonVersion" value="8.6.6.208"/>
         <property name="browser" value="Chrome 119.0.0.0"/>
         <property name="hostAddress" value="192.168.0.14"/>
         <property name="sessionId" value="93ffe21b2479bed8d146a2868479b9d4"/>
         <property name="seleniumVersion" value="3.141.59"/>
         <property name="proxyInformation" value="ProxyInformation { proxyOption=USE_SYSTEM, proxyServerType=HTTP, username=, password=********, proxyServerAddress=127.0.0.1, proxyServerPort=8082, executionList=&quot;&quot;, isApplyToDesiredCapabilities=true }"/>
         <property name="platform" value="Windows 10"/>
      </properties>
      <testcase name="Test Cases/Cas D Utilisations/Usager Etudiant/TNR R.TSPT Supp90-Visiteur" time="100.485" classname="Test Cases/Cas D Utilisations/Usager Etudiant/TNR R.TSPT Supp90-Visiteur" status="PASSED">
         <system-out><![CDATA[2023-12-04 17:32:19 - [TEST_CASE][PASSED] - Test Cases/Cas D Utilisations/Usager Etudiant/TNR R.TSPT Supp90-Visiteur: Test Cases/Cas D Utilisations/Usager Etudiant/TNR R.TSPT Supp90-Visiteur

2023-12-04 17:32:21 - [TEST_STEP][PASSED] - com.kazurayam.ksbackyard.HighlightElement.pandemic(): com.kazurayam.ksbackyard.HighlightElement.pandemic is PASSED

2023-12-04 17:32:21 - [MESSAGE][PASSED] - com.kazurayam.ksbackyard.HighlightElement.pandemic is PASSED

2023-12-04 17:32:21 - [TEST_STEP][PASSED] - callTestCase(findTestCase("Test Reutilisable/Main/Lancer URL ANEF"), ["Profiles":"Usager", "EnvExec":EnvExec], STOP_ON_FAILURE): Call Test Case 'Test Cases/Test Reutilisable/Main/Lancer URL ANEF' successfully

2023-12-04 17:32:21 - [MESSAGE][INFO] - Checking called Test Case

2023-12-04 17:32:21 - [MESSAGE][INFO] - Starting to call Test Case 'Test Cases/Test Reutilisable/Main/Lancer URL ANEF'

2023-12-04 17:32:21 - [TEST_CASE][PASSED] - Test Cases/Test Reutilisable/Main/Lancer URL ANEF: Test Cases/Test Reutilisable/Main/Lancer URL ANEF

2023-12-04 17:32:26 - [TEST_STEP][PASSED] - "RunConfiguration: getProjectDir for LogDriver ": null

2023-12-04 17:32:26 - [TEST_STEP][PASSED] - RunBrowserConfiguration = getExecutionProperties(): null

2023-12-04 17:32:26 - [TEST_STEP][PASSED] - DriverName = "": null

2023-12-04 17:32:26 - [TEST_STEP][PASSED] - openBrowser(""): Browser is opened with url: ''

2023-12-04 17:32:27 - [MESSAGE][INFO] - Opening browser

2023-12-04 17:32:27 - [MESSAGE][INFO] - Starting 'Chrome' driver

2023-12-04 17:32:27 - [MESSAGE][INFO] - User set preference: ['args', '[--incognito, --start-maximized, --remote-allow-origins=*]']

2023-12-04 17:32:27 - [MESSAGE][INFO] - User set preference: ['prefs', '{download.default_directory=${GlobalVariable.downloadPath}, download_dir=${GlobalVariable.downloadPath}, download.prompt_for_download=false}']

2023-12-04 17:32:27 - [MESSAGE][INFO] - User set preference: ['loggingPrefs', '{browser=ALL}']

2023-12-04 17:32:27 - [MESSAGE][INFO] - Action delay is set to 2Â 000 milliseconds

2023-12-04 17:32:31 - [MESSAGE][PASSED] - Browser is opened with url: ''

2023-12-04 17:32:31 - [TEST_STEP][PASSED] - driver = getWebDriver(): null

2023-12-04 17:32:32 - [TEST_STEP][PASSED] - wrappedDriver = driver.getWrappedDriver(): null

2023-12-04 17:32:32 - [TEST_STEP][PASSED] - out.println(wrappedDriver.getClass()): null

2023-12-04 17:32:32 - [TEST_STEP][PASSED] - if (class == com.kms.katalon.selenium.driver.CRemoteWebDriver): null

2023-12-04 17:32:32 - [TEST_STEP][PASSED] - else: null

2023-12-04 17:32:32 - [TEST_STEP][PASSED] - DriverName = get("WebUI").get("browserType"): null

2023-12-04 17:32:32 - [TEST_STEP][PASSED] - println("DriverName :" + DriverName): null

2023-12-04 17:32:32 - [TEST_STEP][PASSED] - println("Driverpath :" + RunBrowserConfiguration.get("drivers")): null

2023-12-04 17:32:32 - [TEST_STEP][PASSED] - DriverName = DriverName: null

2023-12-04 17:32:33 - [TEST_STEP][PASSED] - delay(medium_wait): Delayed 3 second(s)

2023-12-04 17:32:33 - [MESSAGE][INFO] - Delaying browser in 3 second(s)

2023-12-04 17:32:36 - [MESSAGE][PASSED] - Delayed 3 second(s)

2023-12-04 17:32:36 - [TEST_STEP][PASSED] - executedBrowser = getExecutedBrowser(): null

2023-12-04 17:32:36 - [TEST_STEP][PASSED] - if (Profiles == "Usager"): null

2023-12-04 17:32:36 - [TEST_STEP][PASSED] - switch (DriverName): null

2023-12-04 17:32:36 - [TEST_STEP][PASSED] - case "CHROME_DRIVER":: null

2023-12-04 17:32:36 - [TEST_STEP][PASSED] - if (EnvExec == "URL_ANEFQualif"): Navigate to 'https://qualif.administration-etrangers-en-france.interieur.gouv.fr/particuliers/#/' successfully

2023-12-04 17:32:36 - [TEST_STEP][PASSED] - navigateToUrl(URL_ANEFQualif): Navigate to 'https://qualif.administration-etrangers-en-france.interieur.gouv.fr/particuliers/#/' successfully

2023-12-04 17:32:36 - [MESSAGE][INFO] - Checking url

2023-12-04 17:32:36 - [MESSAGE][INFO] - Navigating to 'https://qualif.administration-etrangers-en-france.interieur.gouv.fr/particuliers/#/'

2023-12-04 17:32:39 - [MESSAGE][PASSED] - Navigate to 'https://qualif.administration-etrangers-en-france.interieur.gouv.fr/particuliers/#/' successfully

2023-12-04 17:32:39 - [TEST_STEP][PASSED] - if (EnvExec == "URL_ANEFPreProd"): null

2023-12-04 17:32:39 - [TEST_STEP][PASSED] - maximizeWindow(): Current window maximized

2023-12-04 17:32:39 - [MESSAGE][INFO] - Maximizing current window

2023-12-04 17:32:39 - [MESSAGE][PASSED] - Current window maximized

2023-12-04 17:32:39 - [TEST_STEP][PASSED] - System.setProperty("webdriver.chrome.driver", getChromeDriverPath()): null

2023-12-04 17:32:39 - [TEST_STEP][PASSED] - System.setProperty("webdriver.chrome.logfile", getProjectDir() + "/Dump/chromedriver.log"): null

2023-12-04 17:32:39 - [TEST_STEP][PASSED] - callTestCase(findTestCase("Test Reutilisable/Main/Erreur lie a la confidentialite"), [:], STOP_ON_FAILURE): Call Test Case 'Test Cases/Test Reutilisable/Main/Erreur lie a la confidentialite' successfully

2023-12-04 17:32:39 - [MESSAGE][INFO] - Checking called Test Case

2023-12-04 17:32:39 - [MESSAGE][INFO] - Starting to call Test Case 'Test Cases/Test Reutilisable/Main/Erreur lie a la confidentialite'

2023-12-04 17:32:39 - [TEST_CASE][PASSED] - Test Cases/Test Reutilisable/Main/Erreur lie a la confidentialite: Test Cases/Test Reutilisable/Main/Erreur lie a la confidentialite

2023-12-04 17:32:40 - [TEST_STEP][PASSED] - tools.WaitForLoadedPage.waitForElementRendering(): tools.WaitForLoadedPage.waitForElementRendering is PASSED

2023-12-04 17:32:40 - [MESSAGE][PASSED] - tools.WaitForLoadedPage.waitForElementRendering is PASSED

2023-12-04 17:32:40 - [TEST_STEP][PASSED] - "Call Highlight.on() automatically": null

2023-12-04 17:32:40 - [TEST_STEP][PASSED] - DriverName = DriverName: null

2023-12-04 17:32:40 - [TEST_STEP][PASSED] - if (DriverName == "CHROME_DRIVER" || "EDGE_CHROMIUM_DRIVER" || "HEADLESS_DRIVER"): null

2023-12-04 17:32:40 - [TEST_STEP][PASSED] - if (verifyElementPresent(findTestObject("Object Repository/Connexion Usager/Btn_Parametres Avances"), 2, OPTIONAL)): null

2023-12-04 17:32:40 - [MESSAGE][INFO] - Finding Test Object 'Object Repository/Connexion Usager/Btn_Parametres Avances'

2023-12-04 17:32:40 - [MESSAGE][INFO] - Checking object

2023-12-04 17:32:40 - [MESSAGE][INFO] - Finding web element from Test Object's properties

2023-12-04 17:32:40 - [MESSAGE][INFO] - Checking timeout

2023-12-04 17:32:40 - [MESSAGE][INFO] - Finding web element with id: 'Object Repository/Connexion Usager/Btn_Parametres Avances' located by 'By.xpath: //*[@id="details-button"]' in '2' second(s)

2023-12-04 17:32:40 - [MESSAGE][INFO] - Smart Wait Function is triggered

2023-12-04 17:32:40 - [MESSAGE][INFO] - Found 1 web elements with id: 'Object Repository/Connexion Usager/Btn_Parametres Avances' located by 'By.xpath: //*[@id="details-button"]' in '2' second(s)

2023-12-04 17:32:40 - [MESSAGE][PASSED] - Object 'Object Repository/Connexion Usager/Btn_Parametres Avances' is present

2023-12-04 17:32:40 - [TEST_STEP][PASSED] - click(findTestObject("Object Repository/Connexion Usager/Btn_Parametres Avances"), OPTIONAL): Object: 'Object Repository/Connexion Usager/Btn_Parametres Avances' is clicked on

2023-12-04 17:32:40 - [MESSAGE][INFO] - Finding Test Object 'Object Repository/Connexion Usager/Btn_Parametres Avances'

2023-12-04 17:32:40 - [MESSAGE][INFO] - Checking timeout

2023-12-04 17:32:40 - [MESSAGE][INFO] - Finding web element with id: 'Object Repository/Connexion Usager/Btn_Parametres Avances' located by 'By.xpath: //*[@id="details-button"]' in '20' second(s)

2023-12-04 17:32:40 - [MESSAGE][INFO] - Smart Wait Function is triggered

2023-12-04 17:32:40 - [MESSAGE][INFO] - Found 1 web elements with id: 'Object Repository/Connexion Usager/Btn_Parametres Avances' located by 'By.xpath: //*[@id="details-button"]' in '20' second(s)

2023-12-04 17:32:40 - [MESSAGE][INFO] - Checking object

2023-12-04 17:32:40 - [MESSAGE][INFO] - Checking timeout

2023-12-04 17:32:40 - [MESSAGE][INFO] - Finding web element from Test Object's properties

2023-12-04 17:32:40 - [MESSAGE][INFO] - Checking timeout

2023-12-04 17:32:40 - [MESSAGE][INFO] - Finding web element with id: 'Object Repository/Connexion Usager/Btn_Parametres Avances' located by 'By.xpath: //*[@id="details-button"]' in '5' second(s)

2023-12-04 17:32:40 - [MESSAGE][INFO] - Smart Wait Function is triggered

2023-12-04 17:32:40 - [MESSAGE][INFO] - Found 1 web elements with id: 'Object Repository/Connexion Usager/Btn_Parametres Avances' located by 'By.xpath: //*[@id="details-button"]' in '5' second(s)

2023-12-04 17:32:40 - [MESSAGE][INFO] - Clicking on object: 'Object Repository/Connexion Usager/Btn_Parametres Avances'

2023-12-04 17:32:43 - [MESSAGE][PASSED] - Object: 'Object Repository/Connexion Usager/Btn_Parametres Avances' is clicked on

2023-12-04 17:32:43 - [TEST_STEP][PASSED] - click(findTestObject("Object Repository/Connexion Usager/Link_Proceed-Link"), OPTIONAL): Object: 'Object Repository/Connexion Usager/Link_Proceed-Link' is clicked on

2023-12-04 17:32:43 - [MESSAGE][INFO] - Finding Test Object 'Object Repository/Connexion Usager/Link_Proceed-Link'

2023-12-04 17:32:43 - [MESSAGE][INFO] - Checking timeout

2023-12-04 17:32:43 - [MESSAGE][INFO] - Finding web element with id: 'Object Repository/Connexion Usager/Link_Proceed-Link' located by 'By.xpath: //*[@id="proceed-link"]' in '20' second(s)

2023-12-04 17:32:43 - [MESSAGE][INFO] - Smart Wait Function is triggered

2023-12-04 17:32:43 - [MESSAGE][INFO] - Found 1 web elements with id: 'Object Repository/Connexion Usager/Link_Proceed-Link' located by 'By.xpath: //*[@id="proceed-link"]' in '20' second(s)

2023-12-04 17:32:43 - [MESSAGE][INFO] - Checking object

2023-12-04 17:32:43 - [MESSAGE][INFO] - Checking timeout

2023-12-04 17:32:43 - [MESSAGE][INFO] - Finding web element from Test Object's properties

2023-12-04 17:32:43 - [MESSAGE][INFO] - Checking timeout

2023-12-04 17:32:43 - [MESSAGE][INFO] - Finding web element with id: 'Object Repository/Connexion Usager/Link_Proceed-Link' located by 'By.xpath: //*[@id="proceed-link"]' in '5' second(s)

2023-12-04 17:32:43 - [MESSAGE][INFO] - Smart Wait Function is triggered

2023-12-04 17:32:43 - [MESSAGE][INFO] - Found 1 web elements with id: 'Object Repository/Connexion Usager/Link_Proceed-Link' located by 'By.xpath: //*[@id="proceed-link"]' in '5' second(s)

2023-12-04 17:32:43 - [MESSAGE][INFO] - Clicking on object: 'Object Repository/Connexion Usager/Link_Proceed-Link'

2023-12-04 17:32:45 - [MESSAGE][PASSED] - Object: 'Object Repository/Connexion Usager/Link_Proceed-Link' is clicked on

2023-12-04 17:32:45 - [TEST_STEP][PASSED] - if (DriverName == "IE_DRIVER"): null

2023-12-04 17:32:45 - [TEST_STEP][PASSED] - delay(3): Delayed 3 second(s)

2023-12-04 17:32:45 - [MESSAGE][INFO] - Delaying browser in 3 second(s)

2023-12-04 17:32:48 - [MESSAGE][PASSED] - Delayed 3 second(s)

2023-12-04 17:32:48 - [MESSAGE][PASSED] - Call Test Case 'Test Cases/Test Reutilisable/Main/Erreur lie a la confidentialite' successfully

2023-12-04 17:32:48 - [TEST_STEP][PASSED] - delay(5): Delayed 5 second(s)

2023-12-04 17:32:48 - [MESSAGE][INFO] - Delaying browser in 5 second(s)

2023-12-04 17:32:53 - [MESSAGE][PASSED] - Delayed 5 second(s)

2023-12-04 17:32:53 - [TEST_STEP][PASSED] - verifyElementVisible(findTestObject("Object Repository/Connexion Usager/Link_Se Connecter"), STOP_ON_FAILURE): Object 'Object Repository/Connexion Usager/Link_Se Connecter' is visible

2023-12-04 17:32:53 - [MESSAGE][INFO] - Finding Test Object 'Object Repository/Connexion Usager/Link_Se Connecter'

2023-12-04 17:32:53 - [MESSAGE][INFO] - Checking object

2023-12-04 17:32:53 - [MESSAGE][INFO] - Finding web element from Test Object's properties

2023-12-04 17:32:53 - [MESSAGE][INFO] - Checking timeout

2023-12-04 17:32:53 - [MESSAGE][INFO] - Finding web element with id: 'Object Repository/Connexion Usager/Link_Se Connecter' located by 'By.xpath: //*[@id="connexion_link"]' in '5' second(s)

2023-12-04 17:32:53 - [MESSAGE][INFO] - Smart Wait Function is triggered

2023-12-04 17:32:54 - [MESSAGE][INFO] - Found 1 web elements with id: 'Object Repository/Connexion Usager/Link_Se Connecter' located by 'By.xpath: //*[@id="connexion_link"]' in '5' second(s)

2023-12-04 17:32:54 - [MESSAGE][PASSED] - Object 'Object Repository/Connexion Usager/Link_Se Connecter' is visible

2023-12-04 17:32:54 - [TEST_STEP][PASSED] - break: null

2023-12-04 17:32:54 - [TEST_STEP][PASSED] - if (Profiles == "Agent"): null

2023-12-04 17:32:54 - [TEST_STEP][PASSED] - else: null

2023-12-04 17:32:54 - [TEST_STEP][PASSED] - println("VÃ©rifier le Portail de votre connexion Usager ou Agent"): null

2023-12-04 17:32:54 - [MESSAGE][PASSED] - Call Test Case 'Test Cases/Test Reutilisable/Main/Lancer URL ANEF' successfully

2023-12-04 17:32:54 - [TEST_STEP][PASSED] - if (StopTestCase == false): null

2023-12-04 17:32:54 - [TEST_STEP][PASSED] - callTestCase(findTestCase("Test Reutilisable/Main/Identification"), ["Profiles":"Usager", "NumEtrangerVisa":NumEtrangerVisa], STOP_ON_FAILURE): Call Test Case 'Test Cases/Test Reutilisable/Main/Identification' successfully

2023-12-04 17:32:54 - [MESSAGE][INFO] - Checking called Test Case

2023-12-04 17:32:54 - [MESSAGE][INFO] - Starting to call Test Case 'Test Cases/Test Reutilisable/Main/Identification'

2023-12-04 17:32:54 - [TEST_CASE][PASSED] - Test Cases/Test Reutilisable/Main/Identification: Test Cases/Test Reutilisable/Main/Identification

2023-12-04 17:32:55 - [TEST_STEP][PASSED] - if (Profiles == "Usager"): Object 'Object Repository/Page_Accueil_Usager/Span_MesNotifications' is present

2023-12-04 17:32:55 - [TEST_STEP][PASSED] - delay(5): Delayed 5 second(s)

2023-12-04 17:32:55 - [MESSAGE][INFO] - Delaying browser in 5 second(s)

2023-12-04 17:33:00 - [MESSAGE][PASSED] - Delayed 5 second(s)

2023-12-04 17:33:00 - [TEST_STEP][PASSED] - click(findTestObject("Object Repository/Connexion Usager/Link_Se Connecter")): Object: 'Object Repository/Connexion Usager/Link_Se Connecter' is clicked on

2023-12-04 17:33:00 - [MESSAGE][INFO] - Finding Test Object 'Object Repository/Connexion Usager/Link_Se Connecter'

2023-12-04 17:33:00 - [MESSAGE][INFO] - Checking timeout

2023-12-04 17:33:00 - [MESSAGE][INFO] - Finding web element with id: 'Object Repository/Connexion Usager/Link_Se Connecter' located by 'By.xpath: //*[@id="connexion_link"]' in '20' second(s)

2023-12-04 17:33:00 - [MESSAGE][INFO] - Smart Wait Function is triggered

2023-12-04 17:33:00 - [MESSAGE][INFO] - Found 1 web elements with id: 'Object Repository/Connexion Usager/Link_Se Connecter' located by 'By.xpath: //*[@id="connexion_link"]' in '20' second(s)

2023-12-04 17:33:00 - [MESSAGE][INFO] - Checking object

2023-12-04 17:33:00 - [MESSAGE][INFO] - Checking timeout

2023-12-04 17:33:00 - [MESSAGE][INFO] - Finding web element from Test Object's properties

2023-12-04 17:33:00 - [MESSAGE][INFO] - Checking timeout

2023-12-04 17:33:00 - [MESSAGE][INFO] - Finding web element with id: 'Object Repository/Connexion Usager/Link_Se Connecter' located by 'By.xpath: //*[@id="connexion_link"]' in '5' second(s)

2023-12-04 17:33:00 - [MESSAGE][INFO] - Smart Wait Function is triggered

2023-12-04 17:33:00 - [MESSAGE][INFO] - Found 1 web elements with id: 'Object Repository/Connexion Usager/Link_Se Connecter' located by 'By.xpath: //*[@id="connexion_link"]' in '5' second(s)

2023-12-04 17:33:00 - [MESSAGE][INFO] - Clicking on object: 'Object Repository/Connexion Usager/Link_Se Connecter'

2023-12-04 17:33:02 - [MESSAGE][PASSED] - Object: 'Object Repository/Connexion Usager/Link_Se Connecter' is clicked on

2023-12-04 17:33:02 - [TEST_STEP][PASSED] - callTestCase(findTestCase("Test Reutilisable/Main/Erreur lie a la confidentialite"), [:], STOP_ON_FAILURE): Call Test Case 'Test Cases/Test Reutilisable/Main/Erreur lie a la confidentialite' successfully

2023-12-04 17:33:02 - [MESSAGE][INFO] - Checking called Test Case

2023-12-04 17:33:02 - [MESSAGE][INFO] - Starting to call Test Case 'Test Cases/Test Reutilisable/Main/Erreur lie a la confidentialite'

2023-12-04 17:33:02 - [TEST_CASE][PASSED] - Test Cases/Test Reutilisable/Main/Erreur lie a la confidentialite: Test Cases/Test Reutilisable/Main/Erreur lie a la confidentialite

2023-12-04 17:33:02 - [TEST_STEP][PASSED] - tools.WaitForLoadedPage.waitForElementRendering(): tools.WaitForLoadedPage.waitForElementRendering is PASSED

2023-12-04 17:33:02 - [MESSAGE][PASSED] - tools.WaitForLoadedPage.waitForElementRendering is PASSED

2023-12-04 17:33:02 - [TEST_STEP][PASSED] - "Call Highlight.on() automatically": null

2023-12-04 17:33:02 - [TEST_STEP][PASSED] - DriverName = DriverName: null

2023-12-04 17:33:02 - [TEST_STEP][PASSED] - if (DriverName == "CHROME_DRIVER" || "EDGE_CHROMIUM_DRIVER" || "HEADLESS_DRIVER"): null

2023-12-04 17:33:02 - [TEST_STEP][PASSED] - if (verifyElementPresent(findTestObject("Object Repository/Connexion Usager/Btn_Parametres Avances"), 2, OPTIONAL)): null

2023-12-04 17:33:02 - [MESSAGE][INFO] - Finding Test Object 'Object Repository/Connexion Usager/Btn_Parametres Avances'

2023-12-04 17:33:03 - [MESSAGE][INFO] - Checking object

2023-12-04 17:33:03 - [MESSAGE][INFO] - Finding web element from Test Object's properties

2023-12-04 17:33:03 - [MESSAGE][INFO] - Checking timeout

2023-12-04 17:33:03 - [MESSAGE][INFO] - Finding web element with id: 'Object Repository/Connexion Usager/Btn_Parametres Avances' located by 'By.xpath: //*[@id="details-button"]' in '2' second(s)

2023-12-04 17:33:03 - [MESSAGE][INFO] - Smart Wait Function is triggered

2023-12-04 17:33:03 - [MESSAGE][INFO] - Found 1 web elements with id: 'Object Repository/Connexion Usager/Btn_Parametres Avances' located by 'By.xpath: //*[@id="details-button"]' in '2' second(s)

2023-12-04 17:33:03 - [MESSAGE][PASSED] - Object 'Object Repository/Connexion Usager/Btn_Parametres Avances' is present

2023-12-04 17:33:03 - [TEST_STEP][PASSED] - click(findTestObject("Object Repository/Connexion Usager/Btn_Parametres Avances"), OPTIONAL): Object: 'Object Repository/Connexion Usager/Btn_Parametres Avances' is clicked on

2023-12-04 17:33:03 - [MESSAGE][INFO] - Finding Test Object 'Object Repository/Connexion Usager/Btn_Parametres Avances'

2023-12-04 17:33:03 - [MESSAGE][INFO] - Checking timeout

2023-12-04 17:33:03 - [MESSAGE][INFO] - Finding web element with id: 'Object Repository/Connexion Usager/Btn_Parametres Avances' located by 'By.xpath: //*[@id="details-button"]' in '20' second(s)

2023-12-04 17:33:03 - [MESSAGE][INFO] - Smart Wait Function is triggered

2023-12-04 17:33:03 - [MESSAGE][INFO] - Found 1 web elements with id: 'Object Repository/Connexion Usager/Btn_Parametres Avances' located by 'By.xpath: //*[@id="details-button"]' in '20' second(s)

2023-12-04 17:33:03 - [MESSAGE][INFO] - Checking object

2023-12-04 17:33:03 - [MESSAGE][INFO] - Checking timeout

2023-12-04 17:33:03 - [MESSAGE][INFO] - Finding web element from Test Object's properties

2023-12-04 17:33:03 - [MESSAGE][INFO] - Checking timeout

2023-12-04 17:33:03 - [MESSAGE][INFO] - Finding web element with id: 'Object Repository/Connexion Usager/Btn_Parametres Avances' located by 'By.xpath: //*[@id="details-button"]' in '5' second(s)

2023-12-04 17:33:03 - [MESSAGE][INFO] - Smart Wait Function is triggered

2023-12-04 17:33:03 - [MESSAGE][INFO] - Found 1 web elements with id: 'Object Repository/Connexion Usager/Btn_Parametres Avances' located by 'By.xpath: //*[@id="details-button"]' in '5' second(s)

2023-12-04 17:33:03 - [MESSAGE][INFO] - Clicking on object: 'Object Repository/Connexion Usager/Btn_Parametres Avances'

2023-12-04 17:33:05 - [MESSAGE][PASSED] - Object: 'Object Repository/Connexion Usager/Btn_Parametres Avances' is clicked on

2023-12-04 17:33:05 - [TEST_STEP][PASSED] - click(findTestObject("Object Repository/Connexion Usager/Link_Proceed-Link"), OPTIONAL): Object: 'Object Repository/Connexion Usager/Link_Proceed-Link' is clicked on

2023-12-04 17:33:05 - [MESSAGE][INFO] - Finding Test Object 'Object Repository/Connexion Usager/Link_Proceed-Link'

2023-12-04 17:33:05 - [MESSAGE][INFO] - Checking timeout

2023-12-04 17:33:05 - [MESSAGE][INFO] - Finding web element with id: 'Object Repository/Connexion Usager/Link_Proceed-Link' located by 'By.xpath: //*[@id="proceed-link"]' in '20' second(s)

2023-12-04 17:33:05 - [MESSAGE][INFO] - Smart Wait Function is triggered

2023-12-04 17:33:05 - [MESSAGE][INFO] - Found 1 web elements with id: 'Object Repository/Connexion Usager/Link_Proceed-Link' located by 'By.xpath: //*[@id="proceed-link"]' in '20' second(s)

2023-12-04 17:33:05 - [MESSAGE][INFO] - Checking object

2023-12-04 17:33:05 - [MESSAGE][INFO] - Checking timeout

2023-12-04 17:33:05 - [MESSAGE][INFO] - Finding web element from Test Object's properties

2023-12-04 17:33:05 - [MESSAGE][INFO] - Checking timeout

2023-12-04 17:33:05 - [MESSAGE][INFO] - Finding web element with id: 'Object Repository/Connexion Usager/Link_Proceed-Link' located by 'By.xpath: //*[@id="proceed-link"]' in '5' second(s)

2023-12-04 17:33:05 - [MESSAGE][INFO] - Smart Wait Function is triggered

2023-12-04 17:33:05 - [MESSAGE][INFO] - Found 1 web elements with id: 'Object Repository/Connexion Usager/Link_Proceed-Link' located by 'By.xpath: //*[@id="proceed-link"]' in '5' second(s)

2023-12-04 17:33:05 - [MESSAGE][INFO] - Clicking on object: 'Object Repository/Connexion Usager/Link_Proceed-Link'

2023-12-04 17:33:07 - [MESSAGE][PASSED] - Object: 'Object Repository/Connexion Usager/Link_Proceed-Link' is clicked on

2023-12-04 17:33:07 - [TEST_STEP][PASSED] - if (DriverName == "IE_DRIVER"): null

2023-12-04 17:33:07 - [TEST_STEP][PASSED] - delay(3): Delayed 3 second(s)

2023-12-04 17:33:07 - [MESSAGE][INFO] - Delaying browser in 3 second(s)

2023-12-04 17:33:10 - [MESSAGE][PASSED] - Delayed 3 second(s)

2023-12-04 17:33:10 - [MESSAGE][PASSED] - Call Test Case 'Test Cases/Test Reutilisable/Main/Erreur lie a la confidentialite' successfully

2023-12-04 17:33:10 - [TEST_STEP][PASSED] - delay(5): Delayed 5 second(s)

2023-12-04 17:33:10 - [MESSAGE][INFO] - Delaying browser in 5 second(s)

2023-12-04 17:33:15 - [MESSAGE][PASSED] - Delayed 5 second(s)

2023-12-04 17:33:15 - [TEST_STEP][PASSED] - setText(findTestObject("Object Repository/Connexion Usager/Input_Identifiant"), NumEtrangerVisa): Text '7703042575' is set on object 'Object Repository/Connexion Usager/Input_Identifiant'

2023-12-04 17:33:15 - [MESSAGE][INFO] - Finding Test Object 'Object Repository/Connexion Usager/Input_Identifiant'

2023-12-04 17:33:16 - [MESSAGE][INFO] - Checking timeout

2023-12-04 17:33:16 - [MESSAGE][INFO] - Finding web element with id: 'Object Repository/Connexion Usager/Input_Identifiant' located by 'By.xpath: //*[@id="login"]' in '20' second(s)

2023-12-04 17:33:16 - [MESSAGE][INFO] - Smart Wait Function is triggered

2023-12-04 17:33:16 - [MESSAGE][INFO] - Found 1 web elements with id: 'Object Repository/Connexion Usager/Input_Identifiant' located by 'By.xpath: //*[@id="login"]' in '20' second(s)

2023-12-04 17:33:16 - [MESSAGE][INFO] - Checking object

2023-12-04 17:33:16 - [MESSAGE][INFO] - Checking text

2023-12-04 17:33:16 - [MESSAGE][INFO] - Finding web element from Test Object's properties

2023-12-04 17:33:16 - [MESSAGE][INFO] - Checking timeout

2023-12-04 17:33:16 - [MESSAGE][INFO] - Finding web element with id: 'Object Repository/Connexion Usager/Input_Identifiant' located by 'By.xpath: //*[@id="login"]' in '5' second(s)

2023-12-04 17:33:16 - [MESSAGE][INFO] - Smart Wait Function is triggered

2023-12-04 17:33:16 - [MESSAGE][INFO] - Found 1 web elements with id: 'Object Repository/Connexion Usager/Input_Identifiant' located by 'By.xpath: //*[@id="login"]' in '5' second(s)

2023-12-04 17:33:16 - [MESSAGE][INFO] - Clearing text of object 'Object Repository/Connexion Usager/Input_Identifiant'

2023-12-04 17:33:18 - [MESSAGE][INFO] - Finding web element from Test Object's properties

2023-12-04 17:33:18 - [MESSAGE][INFO] - Checking timeout

2023-12-04 17:33:18 - [MESSAGE][INFO] - Finding web element with id: 'Object Repository/Connexion Usager/Input_Identifiant' located by 'By.xpath: //*[@id="login"]' in '5' second(s)

2023-12-04 17:33:18 - [MESSAGE][INFO] - Smart Wait Function is triggered

2023-12-04 17:33:18 - [MESSAGE][INFO] - Found 1 web elements with id: 'Object Repository/Connexion Usager/Input_Identifiant' located by 'By.xpath: //*[@id="login"]' in '5' second(s)

2023-12-04 17:33:18 - [MESSAGE][INFO] - Setting text of object 'Object Repository/Connexion Usager/Input_Identifiant' to value '7703042575'

2023-12-04 17:33:20 - [MESSAGE][PASSED] - Text '7703042575' is set on object 'Object Repository/Connexion Usager/Input_Identifiant'

2023-12-04 17:33:20 - [TEST_STEP][PASSED] - NumEtrangerVisa = NumEtrangerVisa: null

2023-12-04 17:33:20 - [TEST_STEP][PASSED] - setEncryptedText(findTestObject("Object Repository/Connexion Usager/Input_MDP"), Password): Text ****** has been set on object 'Object Repository/Connexion Usager/Input_MDP'

2023-12-04 17:33:20 - [MESSAGE][INFO] - Finding Test Object 'Object Repository/Connexion Usager/Input_MDP'

2023-12-04 17:33:20 - [MESSAGE][INFO] - Checking timeout

2023-12-04 17:33:20 - [MESSAGE][INFO] - Finding web element with id: 'Object Repository/Connexion Usager/Input_MDP' located by 'By.xpath: //*[@id="password"]' in '20' second(s)

2023-12-04 17:33:20 - [MESSAGE][INFO] - Smart Wait Function is triggered

2023-12-04 17:33:20 - [MESSAGE][INFO] - Found 1 web elements with id: 'Object Repository/Connexion Usager/Input_MDP' located by 'By.xpath: //*[@id="password"]' in '20' second(s)

2023-12-04 17:33:20 - [MESSAGE][INFO] - Checking object

2023-12-04 17:33:20 - [MESSAGE][INFO] - Checking text

2023-12-04 17:33:20 - [MESSAGE][INFO] - Finding web element from Test Object's properties

2023-12-04 17:33:20 - [MESSAGE][INFO] - Checking timeout

2023-12-04 17:33:20 - [MESSAGE][INFO] - Finding web element with id: 'Object Repository/Connexion Usager/Input_MDP' located by 'By.xpath: //*[@id="password"]' in '5' second(s)

2023-12-04 17:33:20 - [MESSAGE][INFO] - Smart Wait Function is triggered

2023-12-04 17:33:20 - [MESSAGE][INFO] - Found 1 web elements with id: 'Object Repository/Connexion Usager/Input_MDP' located by 'By.xpath: //*[@id="password"]' in '5' second(s)

2023-12-04 17:33:20 - [MESSAGE][INFO] - Clearing text of object 'Object Repository/Connexion Usager/Input_MDP'

2023-12-04 17:33:22 - [MESSAGE][INFO] - Setting  text of object 'Object Repository/Connexion Usager/Input_MDP' to value ******

2023-12-04 17:33:24 - [MESSAGE][PASSED] - Text ****** has been set on object 'Object Repository/Connexion Usager/Input_MDP'

2023-12-04 17:33:24 - [TEST_STEP][PASSED] - click(findTestObject("Object Repository/Connexion Usager/btn_Sidentifier")): Object: 'Object Repository/Connexion Usager/btn_Sidentifier' is clicked on

2023-12-04 17:33:24 - [MESSAGE][INFO] - Finding Test Object 'Object Repository/Connexion Usager/btn_Sidentifier'

2023-12-04 17:33:25 - [MESSAGE][INFO] - Checking timeout

2023-12-04 17:33:25 - [MESSAGE][INFO] - Finding web element with id: 'Object Repository/Connexion Usager/btn_Sidentifier' located by 'By.xpath: //*[@type= 'submit']' in '20' second(s)

2023-12-04 17:33:25 - [MESSAGE][INFO] - Smart Wait Function is triggered

2023-12-04 17:33:25 - [MESSAGE][INFO] - Found 1 web elements with id: 'Object Repository/Connexion Usager/btn_Sidentifier' located by 'By.xpath: //*[@type= 'submit']' in '20' second(s)

2023-12-04 17:33:25 - [MESSAGE][INFO] - Checking object

2023-12-04 17:33:25 - [MESSAGE][INFO] - Checking timeout

2023-12-04 17:33:25 - [MESSAGE][INFO] - Finding web element from Test Object's properties

2023-12-04 17:33:25 - [MESSAGE][INFO] - Checking timeout

2023-12-04 17:33:25 - [MESSAGE][INFO] - Finding web element with id: 'Object Repository/Connexion Usager/btn_Sidentifier' located by 'By.xpath: //*[@type= 'submit']' in '5' second(s)

2023-12-04 17:33:25 - [MESSAGE][INFO] - Smart Wait Function is triggered

2023-12-04 17:33:25 - [MESSAGE][INFO] - Found 1 web elements with id: 'Object Repository/Connexion Usager/btn_Sidentifier' located by 'By.xpath: //*[@type= 'submit']' in '5' second(s)

2023-12-04 17:33:25 - [MESSAGE][INFO] - Clicking on object: 'Object Repository/Connexion Usager/btn_Sidentifier'

2023-12-04 17:33:28 - [MESSAGE][PASSED] - Object: 'Object Repository/Connexion Usager/btn_Sidentifier' is clicked on

2023-12-04 17:33:28 - [TEST_STEP][PASSED] - delay(15): Delayed 15 second(s)

2023-12-04 17:33:28 - [MESSAGE][INFO] - Delaying browser in 15 second(s)

2023-12-04 17:33:43 - [MESSAGE][PASSED] - Delayed 15 second(s)

2023-12-04 17:33:43 - [TEST_STEP][PASSED] - verifyElementPresent(findTestObject("Object Repository/Page_Accueil_Usager/Span_MesNotifications"), 2, STOP_ON_FAILURE): Object 'Object Repository/Page_Accueil_Usager/Span_MesNotifications' is present

2023-12-04 17:33:43 - [MESSAGE][INFO] - Finding Test Object 'Object Repository/Page_Accueil_Usager/Span_MesNotifications'

2023-12-04 17:33:43 - [MESSAGE][INFO] - Checking object

2023-12-04 17:33:43 - [MESSAGE][INFO] - Finding web element from Test Object's properties

2023-12-04 17:33:43 - [MESSAGE][INFO] - Checking timeout

2023-12-04 17:33:43 - [MESSAGE][INFO] - Finding web element with id: 'Object Repository/Page_Accueil_Usager/Span_MesNotifications' located by 'By.xpath: //*[@id="navBar-new"]/nav/div[3]/div/div/ul/li[1]/a/span' in '2' second(s)

2023-12-04 17:33:43 - [MESSAGE][INFO] - Smart Wait Function is triggered

2023-12-04 17:33:43 - [MESSAGE][INFO] - Found 1 web elements with id: 'Object Repository/Page_Accueil_Usager/Span_MesNotifications' located by 'By.xpath: //*[@id="navBar-new"]/nav/div[3]/div/div/ul/li[1]/a/span' in '2' second(s)

2023-12-04 17:33:43 - [MESSAGE][PASSED] - Object 'Object Repository/Page_Accueil_Usager/Span_MesNotifications' is present

2023-12-04 17:33:43 - [TEST_STEP][PASSED] - if (Profiles == "Agent"): null

2023-12-04 17:33:43 - [TEST_STEP][PASSED] - else: null

2023-12-04 17:33:43 - [TEST_STEP][PASSED] - println("VÃ©rifier le Portail de votre connexion Usager ou Agent"): null

2023-12-04 17:33:43 - [MESSAGE][PASSED] - Call Test Case 'Test Cases/Test Reutilisable/Main/Identification' successfully

2023-12-04 17:33:43 - [TEST_STEP][PASSED] - callTestCase(findTestCase("Test Reutilisable/DemandeOuRenouvelle_TitreSejour/DemandeOuRenouvelleTitreSejour"), [:], STOP_ON_FAILURE): Call Test Case 'Test Cases/Test Reutilisable/DemandeOuRenouvelle_TitreSejour/DemandeOuRenouvelleTitreSejour' successfully

2023-12-04 17:33:43 - [MESSAGE][INFO] - Checking called Test Case

2023-12-04 17:33:43 - [MESSAGE][INFO] - Starting to call Test Case 'Test Cases/Test Reutilisable/DemandeOuRenouvelle_TitreSejour/DemandeOuRenouvelleTitreSejour'

2023-12-04 17:33:43 - [TEST_CASE][PASSED] - Test Cases/Test Reutilisable/DemandeOuRenouvelle_TitreSejour/DemandeOuRenouvelleTitreSejour: Test Cases/Test Reutilisable/DemandeOuRenouvelle_TitreSejour/DemandeOuRenouvelleTitreSejour

2023-12-04 17:33:44 - [TEST_STEP][PASSED] - com.kazurayam.ksbackyard.HighlightElement.pandemic(): com.kazurayam.ksbackyard.HighlightElement.pandemic is PASSED

2023-12-04 17:33:44 - [MESSAGE][PASSED] - com.kazurayam.ksbackyard.HighlightElement.pandemic is PASSED

2023-12-04 17:33:44 - [TEST_STEP][PASSED] - delay(3): Delayed 3 second(s)

2023-12-04 17:33:44 - [MESSAGE][INFO] - Delaying browser in 3 second(s)

2023-12-04 17:33:47 - [MESSAGE][PASSED] - Delayed 3 second(s)

2023-12-04 17:33:47 - [TEST_STEP][PASSED] - doubleClick(findTestObject("Object Repository/Page_Accueil_Usager/btn_DemandeOuRenouvelleTitreSejour")): Object: 'Object Repository/Page_Accueil_Usager/btn_DemandeOuRenouvelleTitreSejour' is double clicked on

2023-12-04 17:33:47 - [MESSAGE][INFO] - Finding Test Object 'Object Repository/Page_Accueil_Usager/btn_DemandeOuRenouvelleTitreSejour'

2023-12-04 17:33:47 - [MESSAGE][INFO] - Checking object

2023-12-04 17:33:47 - [MESSAGE][INFO] - Finding web element from Test Object's properties

2023-12-04 17:33:47 - [MESSAGE][INFO] - Checking timeout

2023-12-04 17:33:47 - [MESSAGE][INFO] - Finding web element with id: 'Object Repository/Page_Accueil_Usager/btn_DemandeOuRenouvelleTitreSejour' located by 'By.xpath: //app-portal//app-portal-root/app-default-root-content/div/div/anef-tile[1]/a/span/span[2]' in '5' second(s)

2023-12-04 17:33:47 - [MESSAGE][INFO] - Smart Wait Function is triggered

2023-12-04 17:33:47 - [MESSAGE][INFO] - Found 1 web elements with id: 'Object Repository/Page_Accueil_Usager/btn_DemandeOuRenouvelleTitreSejour' located by 'By.xpath: //app-portal//app-portal-root/app-default-root-content/div/div/anef-tile[1]/a/span/span[2]' in '5' second(s)

2023-12-04 17:33:47 - [MESSAGE][INFO] - Double clicking on object: 'Object Repository/Page_Accueil_Usager/btn_DemandeOuRenouvelleTitreSejour'

2023-12-04 17:33:48 - [MESSAGE][PASSED] - Object: 'Object Repository/Page_Accueil_Usager/btn_DemandeOuRenouvelleTitreSejour' is double clicked on

2023-12-04 17:33:48 - [TEST_STEP][PASSED] - delay(3): Delayed 3 second(s)

2023-12-04 17:33:48 - [MESSAGE][INFO] - Delaying browser in 3 second(s)

2023-12-04 17:33:51 - [MESSAGE][PASSED] - Delayed 3 second(s)

2023-12-04 17:33:51 - [TEST_STEP][PASSED] - switch (PourQui): null

2023-12-04 17:33:51 - [TEST_STEP][PASSED] - case "Moi-mÃªme":: null

2023-12-04 17:33:51 - [TEST_STEP][PASSED] - check(findTestObject("Object Repository/Page_Accueil_Usager/CheckBox_Moi-meme")): Object 'Object Repository/Page_Accueil_Usager/CheckBox_Moi-meme' is checked

2023-12-04 17:33:51 - [MESSAGE][INFO] - Finding Test Object 'Object Repository/Page_Accueil_Usager/CheckBox_Moi-meme'

2023-12-04 17:33:51 - [MESSAGE][INFO] - Checking object

2023-12-04 17:33:51 - [MESSAGE][INFO] - Finding web element from Test Object's properties

2023-12-04 17:33:51 - [MESSAGE][INFO] - Checking timeout

2023-12-04 17:33:51 - [MESSAGE][INFO] - Finding web element with id: 'Object Repository/Page_Accueil_Usager/CheckBox_Moi-meme' located by 'By.xpath: //*/div[1]/app-radio-tree-button/div/p-radiobutton/div/div[2]/span' in '5' second(s)

2023-12-04 17:33:51 - [MESSAGE][INFO] - Smart Wait Function is triggered

2023-12-04 17:33:51 - [MESSAGE][INFO] - Found 1 web elements with id: 'Object Repository/Page_Accueil_Usager/CheckBox_Moi-meme' located by 'By.xpath: //*/div[1]/app-radio-tree-button/div/p-radiobutton/div/div[2]/span' in '5' second(s)

2023-12-04 17:33:51 - [MESSAGE][INFO] - Checking on bject 'Object Repository/Page_Accueil_Usager/CheckBox_Moi-meme'

2023-12-04 17:33:53 - [MESSAGE][PASSED] - Object 'Object Repository/Page_Accueil_Usager/CheckBox_Moi-meme' is checked

2023-12-04 17:33:53 - [TEST_STEP][PASSED] - break: null

2023-12-04 17:33:53 - [TEST_STEP][PASSED] - click(findTestObject("Object Repository/Page_Accueil_Usager/btn_JeContinue")): Object: 'Object Repository/Page_Accueil_Usager/btn_JeContinue' is clicked on

2023-12-04 17:33:53 - [MESSAGE][INFO] - Finding Test Object 'Object Repository/Page_Accueil_Usager/btn_JeContinue'

2023-12-04 17:33:53 - [MESSAGE][INFO] - Checking timeout

2023-12-04 17:33:53 - [MESSAGE][INFO] - Finding web element with id: 'Object Repository/Page_Accueil_Usager/btn_JeContinue' located by 'By.xpath: //*[@ng-reflect-label='Je continue']|/html/body/app-root/div/app-portal/main/app-triage-demandeur/div/div/div/form/div[2]/button/span' in '20' second(s)

2023-12-04 17:33:53 - [MESSAGE][INFO] - Smart Wait Function is triggered

2023-12-04 17:33:53 - [MESSAGE][INFO] - Found 2 web elements with id: 'Object Repository/Page_Accueil_Usager/btn_JeContinue' located by 'By.xpath: //*[@ng-reflect-label='Je continue']|/html/body/app-root/div/app-portal/main/app-triage-demandeur/div/div/div/form/div[2]/button/span' in '20' second(s)

2023-12-04 17:33:53 - [MESSAGE][INFO] - Checking object

2023-12-04 17:33:53 - [MESSAGE][INFO] - Checking timeout

2023-12-04 17:33:53 - [MESSAGE][INFO] - Finding web element from Test Object's properties

2023-12-04 17:33:53 - [MESSAGE][INFO] - Checking timeout

2023-12-04 17:33:53 - [MESSAGE][INFO] - Finding web element with id: 'Object Repository/Page_Accueil_Usager/btn_JeContinue' located by 'By.xpath: //*[@ng-reflect-label='Je continue']|/html/body/app-root/div/app-portal/main/app-triage-demandeur/div/div/div/form/div[2]/button/span' in '5' second(s)

2023-12-04 17:33:53 - [MESSAGE][INFO] - Smart Wait Function is triggered

2023-12-04 17:33:53 - [MESSAGE][INFO] - Found 2 web elements with id: 'Object Repository/Page_Accueil_Usager/btn_JeContinue' located by 'By.xpath: //*[@ng-reflect-label='Je continue']|/html/body/app-root/div/app-portal/main/app-triage-demandeur/div/div/div/form/div[2]/button/span' in '5' second(s)

2023-12-04 17:33:53 - [MESSAGE][INFO] - Clicking on object: 'Object Repository/Page_Accueil_Usager/btn_JeContinue'

2023-12-04 17:33:56 - [MESSAGE][PASSED] - Object: 'Object Repository/Page_Accueil_Usager/btn_JeContinue' is clicked on

2023-12-04 17:33:56 - [TEST_STEP][PASSED] - callTestCase(findTestCase("Test Cases/Test Reutilisable/Main/Verif_PopUpVotreTitreEstExpirÃ©Depuis9Mois"), [:], STOP_ON_FAILURE): Call Test Case 'Test Cases/Test Reutilisable/Main/Verif_PopUpVotreTitreEstExpirÃ©Depuis9Mois' successfully

2023-12-04 17:33:56 - [MESSAGE][INFO] - Checking called Test Case

2023-12-04 17:33:56 - [MESSAGE][INFO] - Starting to call Test Case 'Test Cases/Test Reutilisable/Main/Verif_PopUpVotreTitreEstExpirÃ©Depuis9Mois'

2023-12-04 17:33:56 - [TEST_CASE][PASSED] - Test Cases/Test Reutilisable/Main/Verif_PopUpVotreTitreEstExpirÃ©Depuis9Mois: Test Cases/Test Reutilisable/Main/Verif_PopUpVotreTitreEstExpirÃ©Depuis9Mois

2023-12-04 17:33:57 - [TEST_STEP][PASSED] - "VÃ©rification s il y a un message Erreur :Votre Titre De sÃ©jour est ExpirÃ© Depuis 9 Mois.": null

2023-12-04 17:33:57 - [TEST_STEP][PASSED] - MsgAlertPresent = verifyElementPresent(findTestObject("Object Repository/Page_Accueil_Usager/Verif_PopUpVotreTitreDeSejourEstExpireDepuis9Mois"), 1, OPTIONAL): Object 'Object Repository/Page_Accueil_Usager/Verif_PopUpVotreTitreDeSejourEstExpireDepuis9Mois' is present

2023-12-04 17:33:57 - [MESSAGE][INFO] - Finding Test Object 'Object Repository/Page_Accueil_Usager/Verif_PopUpVotreTitreDeSejourEstExpireDepuis9Mois'

2023-12-04 17:33:57 - [MESSAGE][INFO] - Checking object

2023-12-04 17:33:57 - [MESSAGE][INFO] - Finding web element from Test Object's properties

2023-12-04 17:33:57 - [MESSAGE][INFO] - Checking timeout

2023-12-04 17:33:57 - [MESSAGE][INFO] - Finding web element with id: 'Object Repository/Page_Accueil_Usager/Verif_PopUpVotreTitreDeSejourEstExpireDepuis9Mois' located by 'By.xpath: /html/body/app-root/div/app-portal/main/app-theme-v2/div/app-triage/div/div/div/form/div[1]/div/p-message/div/span[2]/strong[1]' in '1' second(s)

2023-12-04 17:33:57 - [MESSAGE][INFO] - Smart Wait Function is triggered

2023-12-04 17:33:57 - [MESSAGE][INFO] - Found 1 web elements with id: 'Object Repository/Page_Accueil_Usager/Verif_PopUpVotreTitreDeSejourEstExpireDepuis9Mois' located by 'By.xpath: /html/body/app-root/div/app-portal/main/app-theme-v2/div/app-triage/div/div/div/form/div[1]/div/p-message/div/span[2]/strong[1]' in '1' second(s)

2023-12-04 17:33:57 - [MESSAGE][PASSED] - Object 'Object Repository/Page_Accueil_Usager/Verif_PopUpVotreTitreDeSejourEstExpireDepuis9Mois' is present

2023-12-04 17:33:57 - [TEST_STEP][PASSED] - if (MsgAlertPresent): null

2023-12-04 17:33:57 - [TEST_STEP][PASSED] - alertText = getText(findTestObject("Object Repository/Page_Accueil_Usager/Verif_PopUpVotreTitreDeSejourEstExpireDepuis9Mois"), OPTIONAL): Text of object 'Object Repository/Page_Accueil_Usager/Verif_PopUpVotreTitreDeSejourEstExpireDepuis9Mois' is: 'Votre titre de sÃ©jour est expirÃ© depuis plus de'

2023-12-04 17:33:57 - [MESSAGE][INFO] - Finding Test Object 'Object Repository/Page_Accueil_Usager/Verif_PopUpVotreTitreDeSejourEstExpireDepuis9Mois'

2023-12-04 17:33:57 - [MESSAGE][INFO] - Checking object

2023-12-04 17:33:57 - [MESSAGE][INFO] - Finding web element from Test Object's properties

2023-12-04 17:33:57 - [MESSAGE][INFO] - Checking timeout

2023-12-04 17:33:57 - [MESSAGE][INFO] - Finding web element with id: 'Object Repository/Page_Accueil_Usager/Verif_PopUpVotreTitreDeSejourEstExpireDepuis9Mois' located by 'By.xpath: /html/body/app-root/div/app-portal/main/app-theme-v2/div/app-triage/div/div/div/form/div[1]/div/p-message/div/span[2]/strong[1]' in '5' second(s)

2023-12-04 17:33:57 - [MESSAGE][INFO] - Smart Wait Function is triggered

2023-12-04 17:33:57 - [MESSAGE][INFO] - Found 1 web elements with id: 'Object Repository/Page_Accueil_Usager/Verif_PopUpVotreTitreDeSejourEstExpireDepuis9Mois' located by 'By.xpath: /html/body/app-root/div/app-portal/main/app-theme-v2/div/app-triage/div/div/div/form/div[1]/div/p-message/div/span[2]/strong[1]' in '5' second(s)

2023-12-04 17:33:57 - [MESSAGE][INFO] - Getting text of object 'Object Repository/Page_Accueil_Usager/Verif_PopUpVotreTitreDeSejourEstExpireDepuis9Mois'

2023-12-04 17:33:57 - [MESSAGE][PASSED] - Text of object 'Object Repository/Page_Accueil_Usager/Verif_PopUpVotreTitreDeSejourEstExpireDepuis9Mois' is: 'Votre titre de sÃ©jour est expirÃ© depuis plus de'

2023-12-04 17:33:57 - [TEST_STEP][PASSED] - tools.markPasseAndStop.markPasseAndStopTest(alertText): Votre titre de sÃ©jour est expirÃ© depuis plus de

2023-12-04 17:33:57 - [MESSAGE][PASSED] - Votre titre de sÃ©jour est expirÃ© depuis plus de

2023-12-04 17:33:57 - [TEST_STEP][PASSED] - MsgStopTestCase = alertText: null

2023-12-04 17:33:57 - [TEST_STEP][PASSED] - return null: null

2023-12-04 17:33:57 - [MESSAGE][PASSED] - Call Test Case 'Test Cases/Test Reutilisable/Main/Verif_PopUpVotreTitreEstExpirÃ©Depuis9Mois' successfully

2023-12-04 17:33:57 - [MESSAGE][PASSED] - Call Test Case 'Test Cases/Test Reutilisable/DemandeOuRenouvelle_TitreSejour/DemandeOuRenouvelleTitreSejour' successfully

2023-12-04 17:33:57 - [TEST_STEP][PASSED] - if (StopTestCase == false): null

2023-12-04 17:34:00 - [TEST_STEP][PASSED] - Video: Video recording for test case 'Test Cases/Cas D Utilisations/Usager Etudiant/TNR R.TSPT Supp90-Visiteur' .

2023-12-04 17:34:00 - [MESSAGE][INFO] - Video recording for test case 'Test Cases/Cas D Utilisations/Usager Etudiant/TNR R.TSPT Supp90-Visiteur' .]]></system-out>
         <system-err><![CDATA[]]></system-err>
      </testcase>
      <system-out><![CDATA[2023-12-04 17:32:18 - [TEST_SUITE][PASSED] - TS_TNR_R.TSPT_Suppo90: Test Cases/Cas D Utilisations/Usager Etudiant/TNR R.TSPT Supp90-Visiteur]]></system-out>
      <system-err><![CDATA[]]></system-err>
   </testsuite>
</testsuites>
